<?xml version="1.0" encoding="UTF-8"?><testsuite errors="0" failures="0" name="com.restful.booker.bookinginfo.BookingTagsTest" skipped="0" tests="3" time="3.97" timestamp="2023-06-05T14:06:59.988+01:00[Europe/London]"><testcase classname="com.restful.booker.bookinginfo.BookingTagsTest" name="Provide a 500 status code when incorrect HTTP method is used to access resource"/><testcase classname="com.restful.booker.bookinginfo.BookingTagsTest" name="This test will verify if a status code of 200 is returned for GET request"/><testcase classname="com.restful.booker.bookinginfo.BookingTagsTest" name="This test will provide an error code of 404 when user tries to access an invalid resource"/></testsuite>