<?xml version="1.0" encoding="UTF-8"?><testsuite errors="0" failures="0" name="com.restful.booker.bookinginfo.BookingCRUDTest" skipped="0" tests="7" time="7.16" timestamp="2023-06-05T21:41:52.911+01:00[Europe/London]"><testcase classname="com.restful.booker.bookinginfo.BookingCRUDTest" name="This test will generate token"/><testcase classname="com.restful.booker.bookinginfo.BookingCRUDTest" name="This will create a new Booking"/><testcase classname="com.restful.booker.bookinginfo.BookingCRUDTest" name="Verify if the booking was added to the application"/><testcase classname="com.restful.booker.bookinginfo.BookingCRUDTest" name="This test will update existing booking information and verify the booking has been updated by booking id "/><testcase classname="com.restful.booker.bookinginfo.BookingCRUDTest" name="Get booking"/><testcase classname="com.restful.booker.bookinginfo.BookingCRUDTest" name="Update the partial Booking information and Verify the Updated information"/><testcase classname="com.restful.booker.bookinginfo.BookingCRUDTest" name="Delete the Booking and verify if the booking is deleted"/></testsuite>